{"timestamp":"2026-03-09T16:22:07.153566Z","level":"info","event":"DAG bundles loaded: dags-folder","logger":"airflow.dag_processing.bundles.manager.DagBundlesManager","filename":"manager.py","lineno":179}
{"timestamp":"2026-03-09T16:22:07.156194Z","level":"info","event":"Filling up the DagBag from /opt/airflow/dags/etl_ml.py","logger":"airflow.models.dagbag.DagBag","filename":"dagbag.py","lineno":593}
{"timestamp":"2026-03-09T16:22:09.133383Z","level":"info","event":"Tmp dir root location: /tmp","logger":"airflow.task.hooks.airflow.providers.standard.hooks.subprocess.SubprocessHook","filename":"subprocess.py","lineno":78}
{"timestamp":"2026-03-09T16:22:09.137070Z","level":"info","event":"Running command: ['/usr/bin/bash', '-c', 'python /opt/airflow/src/etl/extract.py']","logger":"airflow.task.hooks.airflow.providers.standard.hooks.subprocess.SubprocessHook","filename":"subprocess.py","lineno":88}
{"timestamp":"2026-03-09T16:22:09.176191Z","level":"info","event":"Output:","logger":"airflow.task.hooks.airflow.providers.standard.hooks.subprocess.SubprocessHook","filename":"subprocess.py","lineno":99}
{"timestamp":"2026-03-09T16:22:14.811597Z","level":"info","event":"2026-03-09 16:22:14,810 INFO extract: Output folder: /opt/airflow/src/data/entry","logger":"airflow.task.hooks.airflow.providers.standard.hooks.subprocess.SubprocessHook","filename":"subprocess.py","lineno":106}
{"timestamp":"2026-03-09T16:22:14.811971Z","level":"info","event":"2026-03-09 16:22:14,811 INFO extract: Fetching La Liga season 2526","logger":"airflow.task.hooks.airflow.providers.standard.hooks.subprocess.SubprocessHook","filename":"subprocess.py","lineno":106}
{"timestamp":"2026-03-09T16:22:16.034550Z","level":"info","event":"2026-03-09 16:22:16,034 INFO extract: Fetching La Liga season 2425","logger":"airflow.task.hooks.airflow.providers.standard.hooks.subprocess.SubprocessHook","filename":"subprocess.py","lineno":106}
{"timestamp":"2026-03-09T16:22:16.485149Z","level":"info","event":"2026-03-09 16:22:16,484 INFO extract: Fetching La Liga season 2324","logger":"airflow.task.hooks.airflow.providers.standard.hooks.subprocess.SubprocessHook","filename":"subprocess.py","lineno":106}
{"timestamp":"2026-03-09T16:22:16.922037Z","level":"info","event":"2026-03-09 16:22:16,921 INFO extract: Fetching La Liga season 2223","logger":"airflow.task.hooks.airflow.providers.standard.hooks.subprocess.SubprocessHook","filename":"subprocess.py","lineno":106}
{"timestamp":"2026-03-09T16:22:17.589132Z","level":"info","event":"2026-03-09 16:22:17,588 INFO extract: Fetching La Liga season 2122","logger":"airflow.task.hooks.airflow.providers.standard.hooks.subprocess.SubprocessHook","filename":"subprocess.py","lineno":106}
{"timestamp":"2026-03-09T16:22:17.990891Z","level":"info","event":"2026-03-09 16:22:17,990 INFO extract: Fetching La Liga season 2021","logger":"airflow.task.hooks.airflow.providers.standard.hooks.subprocess.SubprocessHook","filename":"subprocess.py","lineno":106}
{"timestamp":"2026-03-09T16:22:18.394878Z","level":"info","event":"2026-03-09 16:22:18,394 INFO extract: Fetching La Liga season 1920","logger":"airflow.task.hooks.airflow.providers.standard.hooks.subprocess.SubprocessHook","filename":"subprocess.py","lineno":106}
{"timestamp":"2026-03-09T16:22:18.796538Z","level":"info","event":"2026-03-09 16:22:18,795 INFO extract: Fetching La Liga season 1819","logger":"airflow.task.hooks.airflow.providers.standard.hooks.subprocess.SubprocessHook","filename":"subprocess.py","lineno":106}
{"timestamp":"2026-03-09T16:22:19.167585Z","level":"info","event":"2026-03-09 16:22:19,167 INFO extract: Fetching La Liga season 1718","logger":"airflow.task.hooks.airflow.providers.standard.hooks.subprocess.SubprocessHook","filename":"subprocess.py","lineno":106}
{"timestamp":"2026-03-09T16:22:19.538767Z","level":"info","event":"2026-03-09 16:22:19,538 INFO extract: Fetching La Liga season 1617","logger":"airflow.task.hooks.airflow.providers.standard.hooks.subprocess.SubprocessHook","filename":"subprocess.py","lineno":106}
{"timestamp":"2026-03-09T16:22:19.990734Z","level":"info","event":"2026-03-09 16:22:19,990 INFO extract: Fetching Premier League season 2526","logger":"airflow.task.hooks.airflow.providers.standard.hooks.subprocess.SubprocessHook","filename":"subprocess.py","lineno":106}
{"timestamp":"2026-03-09T16:22:20.703997Z","level":"info","event":"2026-03-09 16:22:20,703 INFO extract: Fetching Premier League season 2425","logger":"airflow.task.hooks.airflow.providers.standard.hooks.subprocess.SubprocessHook","filename":"subprocess.py","lineno":106}
{"timestamp":"2026-03-09T16:22:21.118774Z","level":"info","event":"2026-03-09 16:22:21,118 INFO extract: Fetching Premier League season 2324","logger":"airflow.task.hooks.airflow.providers.standard.hooks.subprocess.SubprocessHook","filename":"subprocess.py","lineno":106}
{"timestamp":"2026-03-09T16:22:21.525792Z","level":"info","event":"2026-03-09 16:22:21,525 INFO extract: Fetching Premier League season 2223","logger":"airflow.task.hooks.airflow.providers.standard.hooks.subprocess.SubprocessHook","filename":"subprocess.py","lineno":106}
{"timestamp":"2026-03-09T16:22:21.941021Z","level":"info","event":"2026-03-09 16:22:21,940 INFO extract: Fetching Premier League season 2122","logger":"airflow.task.hooks.airflow.providers.standard.hooks.subprocess.SubprocessHook","filename":"subprocess.py","lineno":106}
{"timestamp":"2026-03-09T16:22:22.395661Z","level":"info","event":"2026-03-09 16:22:22,395 INFO extract: Fetching Premier League season 2021","logger":"airflow.task.hooks.airflow.providers.standard.hooks.subprocess.SubprocessHook","filename":"subprocess.py","lineno":106}
{"timestamp":"2026-03-09T16:22:22.819830Z","level":"info","event":"2026-03-09 16:22:22,819 INFO extract: Fetching Premier League season 1920","logger":"airflow.task.hooks.airflow.providers.standard.hooks.subprocess.SubprocessHook","filename":"subprocess.py","lineno":106}
{"timestamp":"2026-03-09T16:22:23.239655Z","level":"info","event":"2026-03-09 16:22:23,239 INFO extract: Fetching Premier League season 1819","logger":"airflow.task.hooks.airflow.providers.standard.hooks.subprocess.SubprocessHook","filename":"subprocess.py","lineno":106}
{"timestamp":"2026-03-09T16:22:23.619832Z","level":"info","event":"2026-03-09 16:22:23,619 INFO extract: Fetching Premier League season 1718","logger":"airflow.task.hooks.airflow.providers.standard.hooks.subprocess.SubprocessHook","filename":"subprocess.py","lineno":106}
{"timestamp":"2026-03-09T16:22:24.026077Z","level":"info","event":"2026-03-09 16:22:24,025 INFO extract: Fetching Premier League season 1617","logger":"airflow.task.hooks.airflow.providers.standard.hooks.subprocess.SubprocessHook","filename":"subprocess.py","lineno":106}
{"timestamp":"2026-03-09T16:22:24.511053Z","level":"info","event":"2026-03-09 16:22:24,510 INFO extract: Fetching Ligue 1 season 2526","logger":"airflow.task.hooks.airflow.providers.standard.hooks.subprocess.SubprocessHook","filename":"subprocess.py","lineno":106}
{"timestamp":"2026-03-09T16:22:24.937491Z","level":"info","event":"2026-03-09 16:22:24,937 INFO extract: Fetching Ligue 1 season 2425","logger":"airflow.task.hooks.airflow.providers.standard.hooks.subprocess.SubprocessHook","filename":"subprocess.py","lineno":106}
{"timestamp":"2026-03-09T16:22:25.361035Z","level":"info","event":"2026-03-09 16:22:25,360 INFO extract: Fetching Ligue 1 season 2324","logger":"airflow.task.hooks.airflow.providers.standard.hooks.subprocess.SubprocessHook","filename":"subprocess.py","lineno":106}
{"timestamp":"2026-03-09T16:22:25.769384Z","level":"info","event":"2026-03-09 16:22:25,768 INFO extract: Fetching Ligue 1 season 2223","logger":"airflow.task.hooks.airflow.providers.standard.hooks.subprocess.SubprocessHook","filename":"subprocess.py","lineno":106}
{"timestamp":"2026-03-09T16:22:27.077426Z","level":"info","event":"2026-03-09 16:22:27,076 INFO extract: Fetching Ligue 1 season 2122","logger":"airflow.task.hooks.airflow.providers.standard.hooks.subprocess.SubprocessHook","filename":"subprocess.py","lineno":106}
{"timestamp":"2026-03-09T16:22:27.493580Z","level":"info","event":"2026-03-09 16:22:27,493 INFO extract: Fetching Ligue 1 season 2021","logger":"airflow.task.hooks.airflow.providers.standard.hooks.subprocess.SubprocessHook","filename":"subprocess.py","lineno":106}
{"timestamp":"2026-03-09T16:22:27.900983Z","level":"info","event":"2026-03-09 16:22:27,900 INFO extract: Fetching Ligue 1 season 1920","logger":"airflow.task.hooks.airflow.providers.standard.hooks.subprocess.SubprocessHook","filename":"subprocess.py","lineno":106}
{"timestamp":"2026-03-09T16:22:28.290967Z","level":"info","event":"2026-03-09 16:22:28,290 INFO extract: Fetching Ligue 1 season 1819","logger":"airflow.task.hooks.airflow.providers.standard.hooks.subprocess.SubprocessHook","filename":"subprocess.py","lineno":106}
{"timestamp":"2026-03-09T16:22:28.663554Z","level":"info","event":"2026-03-09 16:22:28,663 INFO extract: Fetching Ligue 1 season 1718","logger":"airflow.task.hooks.airflow.providers.standard.hooks.subprocess.SubprocessHook","filename":"subprocess.py","lineno":106}
{"timestamp":"2026-03-09T16:22:29.031336Z","level":"info","event":"2026-03-09 16:22:29,030 INFO extract: Fetching Ligue 1 season 1617","logger":"airflow.task.hooks.airflow.providers.standard.hooks.subprocess.SubprocessHook","filename":"subprocess.py","lineno":106}
{"timestamp":"2026-03-09T16:22:29.900157Z","level":"info","event":"2026-03-09 16:22:29,899 INFO extract: Saved 10796 rows to /opt/airflow/src/data/entry/matches.csv","logger":"airflow.task.hooks.airflow.providers.standard.hooks.subprocess.SubprocessHook","filename":"subprocess.py","lineno":106}
{"timestamp":"2026-03-09T16:22:30.147502Z","level":"info","event":"Command exited with return code 0","logger":"airflow.task.hooks.airflow.providers.standard.hooks.subprocess.SubprocessHook","filename":"subprocess.py","lineno":110}
{"timestamp":"2026-03-09T16:22:30.149336Z","level":"info","event":"Pushing xcom","ti":"RuntimeTaskInstance(id=UUID('019cd367-d417-7f60-8c08-a2849d42c47f'), task_id='extract_data', dag_id='etl_ml_pipeline', run_id='scheduled__2026-03-08T00:00:00+00:00', try_number=1, dag_version_id=UUID('019cd364-bed6-7006-bc03-2c2e5414cbfe'), map_index=-1, hostname='a9c9fd1d0a42', context_carrier={}, task=<Task(BashOperator): extract_data>, bundle_instance=LocalDagBundle(name=dags-folder), max_tries=1, start_date=datetime.datetime(2026, 3, 9, 16, 22, 3, 408566, tzinfo=datetime.timezone.utc), end_date=None, state=<TaskInstanceState.RUNNING: 'running'>, is_mapped=False, rendered_map_index=None)","logger":"task","filename":"task_runner.py","lineno":1352}
